# JRE version: Java(TM) SE Runtime Environment (8.0_92-b14) (build 1.8.0_92-b14)
# Java VM: Java HotSpot(TM) Client VM (25.92-b14 mixed mode windows-x86 )
Heap:
 def new generation   total 39424K, used 24774K [0x05200000, 0x07cc0000, 0x0fca0000)
  eden space 35072K,  67% used [0x05200000, 0x068ffeb8, 0x07440000)
  from space 4352K,  28% used [0x07880000, 0x079b1a30, 0x07cc0000)
  to   space 4352K,   0% used [0x07440000, 0x07440000, 0x07880000)
 tenured generation   total 87424K, used 22112K [0x0fca0000, 0x15200000, 0x25200000)
   the space 87424K,  25% used [0x0fca0000, 0x11238058, 0x11238200, 0x15200000)
 Metaspace       used 18013K, capacity 18400K, committed 18432K, reserved 18816K
GC Heap History (10 events):
Event: 3.955 GC heap before
{Heap before GC invocations=1 (full 0):
 def new generation   total 39296K, used 39296K [0x05200000, 0x07ca0000, 0x0fca0000)
  eden space 34944K, 100% used [0x05200000, 0x07420000, 0x07420000)
  from space 4352K, 100% used [0x07860000, 0x07ca0000, 0x07ca0000)
  to   space 4352K,   0% used [0x07420000, 0x07420000, 0x07860000)
 tenured generation   total 87424K, used 2920K [0x0fca0000, 0x15200000, 0x25200000)
   the space 87424K,   3% used [0x0fca0000, 0x0ff7a198, 0x0ff7a200, 0x15200000)
 Metaspace       used 11779K, capacity 12059K, committed 12160K, reserved 12672K
Event: 3.971 GC heap after
Heap after GC invocations=2 (full 0):
 def new generation   total 39296K, used 3150K [0x05200000, 0x07ca0000, 0x0fca0000)
  eden space 34944K,   0% used [0x05200000, 0x05200000, 0x07420000)
  from space 4352K,  72% used [0x07420000, 0x07733ba0, 0x07860000)
  to   space 4352K,   0% used [0x07860000, 0x07860000, 0x07ca0000)
 tenured generation   total 87424K, used 6136K [0x0fca0000, 0x15200000, 0x25200000)
   the space 87424K,   7% used [0x0fca0000, 0x1029e1f0, 0x1029e200, 0x15200000)
 Metaspace       used 11779K, capacity 12059K, committed 12160K, reserved 12672K
}
Event: 4.874 GC heap before
{Heap before GC invocations=2 (full 0):
 def new generation   total 39296K, used 14050K [0x05200000, 0x07ca0000, 0x0fca0000)
  eden space 34944K,  31% used [0x05200000, 0x05ca4fb0, 0x07420000)
  from space 4352K,  72% used [0x07420000, 0x07733ba0, 0x07860000)
  to   space 4352K,   0% used [0x07860000, 0x07860000, 0x07ca0000)
 tenured generation   total 87424K, used 6136K [0x0fca0000, 0x15200000, 0x25200000)
   the space 87424K,   7% used [0x0fca0000, 0x1029e1f0, 0x1029e200, 0x15200000)
 Metaspace       used 12002K, capacity 12279K, committed 12288K, reserved 12672K
Event: 4.910 GC heap after
Heap after GC invocations=3 (full 1):
 def new generation   total 39424K, used 0K [0x05200000, 0x07cc0000, 0x0fca0000)
  eden space 35072K,   0% used [0x05200000, 0x05200000, 0x07440000)
  from space 4352K,   0% used [0x07440000, 0x07440000, 0x07880000)
  to   space 4352K,   0% used [0x07880000, 0x07880000, 0x07cc0000)
 tenured generation   total 87424K, used 9149K [0x0fca0000, 0x15200000, 0x25200000)
   the space 87424K,  10% used [0x0fca0000, 0x1058f760, 0x1058f800, 0x15200000)
 Metaspace       used 12002K, capacity 12279K, committed 12288K, reserved 12672K
}
Event: 6.364 GC heap before
{Heap before GC invocations=3 (full 1):
 def new generation   total 39424K, used 34828K [0x05200000, 0x07cc0000, 0x0fca0000)
  eden space 35072K,  99% used [0x05200000, 0x07403168, 0x07440000)
  from space 4352K,   0% used [0x07440000, 0x07440000, 0x07880000)
  to   space 4352K,   0% used [0x07880000, 0x07880000, 0x07cc0000)
 tenured generation   total 87424K, used 9149K [0x0fca0000, 0x15200000, 0x25200000)
   the space 87424K,  10% used [0x0fca0000, 0x1058f760, 0x1058f800, 0x15200000)
 Metaspace       used 17020K, capacity 17366K, committed 17408K, reserved 17792K
Event: 6.396 GC heap after
Heap after GC invocations=4 (full 1):
 def new generation   total 39424K, used 4352K [0x05200000, 0x07cc0000, 0x0fca0000)
  eden space 35072K,   0% used [0x05200000, 0x05200000, 0x07440000)
  from space 4352K, 100% used [0x07880000, 0x07cc0000, 0x07cc0000)
  to   space 4352K,   0% used [0x07440000, 0x07440000, 0x07880000)
 tenured generation   total 87424K, used 15325K [0x0fca0000, 0x15200000, 0x25200000)
   the space 87424K,  17% used [0x0fca0000, 0x10b97670, 0x10b97800, 0x15200000)
 Metaspace       used 17020K, capacity 17366K, committed 17408K, reserved 17792K
}
Event: 115.886 GC heap before
{Heap before GC invocations=4 (full 1):
 def new generation   total 39424K, used 39424K [0x05200000, 0x07cc0000, 0x0fca0000)
  eden space 35072K, 100% used [0x05200000, 0x07440000, 0x07440000)
  from space 4352K, 100% used [0x07880000, 0x07cc0000, 0x07cc0000)
  to   space 4352K,   0% used [0x07440000, 0x07440000, 0x07880000)
 tenured generation   total 87424K, used 15325K [0x0fca0000, 0x15200000, 0x25200000)
   the space 87424K,  17% used [0x0fca0000, 0x10b97670, 0x10b97800, 0x15200000)
 Metaspace       used 17665K, capacity 18023K, committed 18048K, reserved 18816K
Event: 115.904 GC heap after
Heap after GC invocations=5 (full 1):
 def new generation   total 39424K, used 4060K [0x05200000, 0x07cc0000, 0x0fca0000)
  eden space 35072K,   0% used [0x05200000, 0x05200000, 0x07440000)
  from space 4352K,  93% used [0x07440000, 0x07837340, 0x07880000)
  to   space 4352K,   0% used [0x07880000, 0x07880000, 0x07cc0000)
 tenured generation   total 87424K, used 18630K [0x0fca0000, 0x15200000, 0x25200000)
   the space 87424K,  21% used [0x0fca0000, 0x10ed19a0, 0x10ed1a00, 0x15200000)
 Metaspace       used 17665K, capacity 18023K, committed 18048K, reserved 18816K
}
Event: 484.908 GC heap before
{Heap before GC invocations=5 (full 1):
 def new generation   total 39424K, used 39132K [0x05200000, 0x07cc0000, 0x0fca0000)
  eden space 35072K, 100% used [0x05200000, 0x07440000, 0x07440000)
  from space 4352K,  93% used [0x07440000, 0x07837340, 0x07880000)
  to   space 4352K,   0% used [0x07880000, 0x07880000, 0x07cc0000)
 tenured generation   total 87424K, used 18630K [0x0fca0000, 0x15200000, 0x25200000)
   the space 87424K,  21% used [0x0fca0000, 0x10ed19a0, 0x10ed1a00, 0x15200000)
 Metaspace       used 17992K, capacity 18368K, committed 18432K, reserved 18816K
Event: 484.919 GC heap after
Heap after GC invocations=6 (full 1):
 def new generation   total 39424K, used 1222K [0x05200000, 0x07cc0000, 0x0fca0000)
  eden space 35072K,   0% used [0x05200000, 0x05200000, 0x07440000)
  from space 4352K,  28% used [0x07880000, 0x079b1a30, 0x07cc0000)
  to   space 4352K,   0% used [0x07440000, 0x07440000, 0x07880000)
 tenured generation   total 87424K, used 22112K [0x0fca0000, 0x15200000, 0x25200000)
   the space 87424K,  25% used [0x0fca0000, 0x11238058, 0x11238200, 0x15200000)
 Metaspace       used 17992K, capacity 18368K, committed 18432K, reserved 18816K
}

